Netgen 1.5.255 compiled on Mon Oct 30 08:56:34 PM CET 2023
Warning: netgen command 'format' use fully-qualified name '::netgen::format'
Warning: netgen command 'global' use fully-qualified name '::netgen::global'
Reading netlist file /foss/designs/finallvs/sky130_adc_202311/mag/uwb_wrapper.ext.spc
Call to undefined subcircuit sky130_fd_pr__cap_mim_m3_1
Creating placeholder cell definition.
Call to undefined subcircuit sky130_fd_pr__nfet_01v8
Creating placeholder cell definition.
Call to undefined subcircuit sky130_fd_pr__pfet_01v8_hvt
Creating placeholder cell definition.
Call to undefined subcircuit sky130_fd_pr__pfet_01v8
Creating placeholder cell definition.
Reading netlist file /foss/designs/finallvs/sky130_adc_202311/mag/uwb_wrapper.sch.spc
Call to undefined subcircuit shiftreg
Creating placeholder cell definition.
Call to undefined subcircuit uwb_transmitter
Creating placeholder cell definition.
Call to undefined subcircuit startup
Creating placeholder cell definition.
Call to undefined subcircuit mux21
Creating placeholder cell definition.
Call to undefined subcircuit osc_total
Creating placeholder cell definition.
Call to undefined subcircuit capbank
Creating placeholder cell definition.
Call to undefined subcircuit pa_total
Creating placeholder cell definition.
Call to undefined subcircuit gc
Creating placeholder cell definition.
Call to undefined subcircuit adc_noise_decoup_cell1
Creating placeholder cell definition.
Call to undefined subcircuit sky130_fd_pr__pfet_01v8
Creating placeholder cell definition.
Call to undefined subcircuit sky130_fd_pr__nfet_01v8
Creating placeholder cell definition.
Call to undefined subcircuit sky130_fd_sc_hd__inv_1
Creating placeholder cell definition.
Call to undefined subcircuit sky130_fd_sc_hd__mux4_1
Creating placeholder cell definition.
Call to undefined subcircuit sky130_fd_sc_hd__nand2b_1
Creating placeholder cell definition.
Call to undefined subcircuit sky130_fd_sc_hd__buf_1
Creating placeholder cell definition.
Call to undefined subcircuit sky130_fd_pr__cap_mim_m3_1
Creating placeholder cell definition.
Call to undefined subcircuit sky130_fd_sc_hd__and2_1
Creating placeholder cell definition.
Call to undefined subcircuit tg
Creating placeholder cell definition.
Call to undefined subcircuit uwb_inductor
Creating placeholder cell definition.
Call to undefined subcircuit cap_sw
Creating placeholder cell definition.
Call to undefined subcircuit balun
Creating placeholder cell definition.
Call to undefined subcircuit sky130_fd_pr__pfet_01v8_hvt
Creating placeholder cell definition.
Call to undefined subcircuit sky130_fd_sc_hd__nand2_2
Creating placeholder cell definition.
Call to undefined subcircuit sky130_fd_sc_hd__nor2_2
Creating placeholder cell definition.
Duplicate cell sky130_fd_sc_hd__decap_6 in file
Renaming original cell to sky130_fd_sc_hd__decap_6[[0]]
Duplicate cell sky130_fd_sc_hd__fill_2 in file
Renaming original cell to sky130_fd_sc_hd__fill_2[[0]]
Duplicate cell sky130_fd_sc_hd__fill_1 in file
Renaming original cell to sky130_fd_sc_hd__fill_1[[0]]
Duplicate cell sky130_fd_sc_hd__decap_8 in file
Renaming original cell to sky130_fd_sc_hd__decap_8[[0]]
Duplicate cell sky130_fd_sc_hd__clkbuf_1 in file
Renaming original cell to sky130_fd_sc_hd__clkbuf_1[[0]]
Duplicate cell sky130_fd_sc_hd__dfxtp_2 in file
Renaming original cell to sky130_fd_sc_hd__dfxtp_2[[0]]
Duplicate cell sky130_fd_sc_hd__decap_4 in file
Renaming original cell to sky130_fd_sc_hd__decap_4[[0]]
Duplicate cell sky130_fd_sc_hd__dfxtp_1 in file
Renaming original cell to sky130_fd_sc_hd__dfxtp_1[[0]]
Duplicate cell sky130_fd_sc_hd__buf_2 in file
Renaming original cell to sky130_fd_sc_hd__buf_2[[0]]
Duplicate cell sky130_fd_sc_hd__mux2_2 in file
Renaming original cell to sky130_fd_sc_hd__mux2_2[[0]]
Duplicate cell sky130_fd_sc_hd__clkbuf_2 in file
Renaming original cell to sky130_fd_sc_hd__clkbuf_2[[0]]
Duplicate cell sky130_fd_sc_hd__decap_3 in file
Renaming original cell to sky130_fd_sc_hd__decap_3[[0]]
Duplicate cell sky130_fd_sc_hd__tapvpwrvgnd_1 in file
Renaming original cell to sky130_fd_sc_hd__tapvpwrvgnd_1[[0]]
Duplicate cell sky130_fd_sc_hd__diode_2 in file
Renaming original cell to sky130_fd_sc_hd__diode_2[[0]]
Duplicate cell sky130_fd_sc_hd__mux2_1 in file
Renaming original cell to sky130_fd_sc_hd__mux2_1[[0]]
Duplicate cell sky130_fd_sc_hd__mux2_4 in file
Renaming original cell to sky130_fd_sc_hd__mux2_4[[0]]
Duplicate cell sky130_fd_sc_hd__dfxtp_4 in file
Renaming original cell to sky130_fd_sc_hd__dfxtp_4[[0]]
Duplicate cell sky130_fd_sc_hd__buf_6 in file
Renaming original cell to sky130_fd_sc_hd__buf_6[[0]]
Duplicate cell sky130_fd_sc_hd__dlymetal6s2s_1 in file
Renaming original cell to sky130_fd_sc_hd__dlymetal6s2s_1[[0]]
Duplicate cell sky130_fd_sc_hd__buf_4 in file
Renaming original cell to sky130_fd_sc_hd__buf_4[[0]]
Duplicate cell sky130_fd_sc_hd__clkbuf_4 in file
Renaming original cell to sky130_fd_sc_hd__clkbuf_4[[0]]

Reading setup file /foss/pdks/sky130A/libs.tech/netgen/sky130A_setup.tcl

Model sky130_fd_pr__res_generic_po pin end_a == end_b
No property mult found for device sky130_fd_pr__res_generic_po
Model sky130_fd_pr__res_generic_m5 pin end_a == end_b
No property mult found for device sky130_fd_pr__res_generic_m5
Model sky130_fd_pr__res_generic_m5 pin end_a == end_b
No property mult found for device sky130_fd_pr__res_generic_m5
Model sky130_fd_pr__nfet_01v8 pin 1 == 3
No property mult found for device sky130_fd_pr__nfet_01v8
No property sa found for device sky130_fd_pr__nfet_01v8
No property sb found for device sky130_fd_pr__nfet_01v8
No property sd found for device sky130_fd_pr__nfet_01v8
No property nf found for device sky130_fd_pr__nfet_01v8
No property nrd found for device sky130_fd_pr__nfet_01v8
No property nrs found for device sky130_fd_pr__nfet_01v8
No property area found for device sky130_fd_pr__nfet_01v8
No property perim found for device sky130_fd_pr__nfet_01v8
No property topography found for device sky130_fd_pr__nfet_01v8
Model sky130_fd_pr__nfet_01v8 pin 1 == 3
No property area found for device sky130_fd_pr__nfet_01v8
No property perim found for device sky130_fd_pr__nfet_01v8
No property topography found for device sky130_fd_pr__nfet_01v8
Model sky130_fd_pr__pfet_01v8 pin 1 == 3
No property mult found for device sky130_fd_pr__pfet_01v8
No property sa found for device sky130_fd_pr__pfet_01v8
No property sb found for device sky130_fd_pr__pfet_01v8
No property sd found for device sky130_fd_pr__pfet_01v8
No property nf found for device sky130_fd_pr__pfet_01v8
No property nrd found for device sky130_fd_pr__pfet_01v8
No property nrs found for device sky130_fd_pr__pfet_01v8
No property area found for device sky130_fd_pr__pfet_01v8
No property perim found for device sky130_fd_pr__pfet_01v8
No property topography found for device sky130_fd_pr__pfet_01v8
Model sky130_fd_pr__pfet_01v8 pin 1 == 3
No property area found for device sky130_fd_pr__pfet_01v8
No property perim found for device sky130_fd_pr__pfet_01v8
No property topography found for device sky130_fd_pr__pfet_01v8
Model sky130_fd_pr__pfet_01v8_hvt pin 1 == 3
No property mult found for device sky130_fd_pr__pfet_01v8_hvt
No property sa found for device sky130_fd_pr__pfet_01v8_hvt
No property sb found for device sky130_fd_pr__pfet_01v8_hvt
No property sd found for device sky130_fd_pr__pfet_01v8_hvt
No property nf found for device sky130_fd_pr__pfet_01v8_hvt
No property nrd found for device sky130_fd_pr__pfet_01v8_hvt
No property nrs found for device sky130_fd_pr__pfet_01v8_hvt
No property area found for device sky130_fd_pr__pfet_01v8_hvt
No property perim found for device sky130_fd_pr__pfet_01v8_hvt
No property topography found for device sky130_fd_pr__pfet_01v8_hvt
Model sky130_fd_pr__pfet_01v8_hvt pin 1 == 3
No property as found for device sky130_fd_pr__pfet_01v8_hvt
No property ad found for device sky130_fd_pr__pfet_01v8_hvt
No property ps found for device sky130_fd_pr__pfet_01v8_hvt
No property pd found for device sky130_fd_pr__pfet_01v8_hvt
No property mult found for device sky130_fd_pr__pfet_01v8_hvt
No property sa found for device sky130_fd_pr__pfet_01v8_hvt
No property sb found for device sky130_fd_pr__pfet_01v8_hvt
No property sd found for device sky130_fd_pr__pfet_01v8_hvt
No property nf found for device sky130_fd_pr__pfet_01v8_hvt
No property nrd found for device sky130_fd_pr__pfet_01v8_hvt
No property nrs found for device sky130_fd_pr__pfet_01v8_hvt
No property area found for device sky130_fd_pr__pfet_01v8_hvt
No property perim found for device sky130_fd_pr__pfet_01v8_hvt
No property topography found for device sky130_fd_pr__pfet_01v8_hvt
No property value found for device sky130_fd_pr__diode_pw2nd_05v5
No property mult found for device sky130_fd_pr__diode_pw2nd_05v5
No property perim found for device sky130_fd_pr__diode_pw2nd_05v5
No property value found for device sky130_fd_pr__diode_pw2nd_05v5
No property mult found for device sky130_fd_pr__diode_pw2nd_05v5
No property perim found for device sky130_fd_pr__diode_pw2nd_05v5
No property area found for device sky130_fd_pr__cap_mim_m3_1
No property value found for device sky130_fd_pr__cap_mim_m3_1
No property mult found for device sky130_fd_pr__cap_mim_m3_1
No property perim found for device sky130_fd_pr__cap_mim_m3_1
No property mf found for device sky130_fd_pr__cap_mim_m3_1
No property area found for device sky130_fd_pr__cap_mim_m3_1
No property value found for device sky130_fd_pr__cap_mim_m3_1
No property mult found for device sky130_fd_pr__cap_mim_m3_1
No property perim found for device sky130_fd_pr__cap_mim_m3_1
Comparison output logged to file /foss/designs/finallvs/sky130_adc_202311/mag/uwb_wrapper.lvs.out
Logging to file "/foss/designs/finallvs/sky130_adc_202311/mag/uwb_wrapper.lvs.out" enabled
Circuit sky130_fd_pr__nfet_01v8 contains no devices.
Circuit sky130_fd_pr__pfet_01v8_hvt contains no devices.
Circuit sky130_fd_pr__cap_mim_m3_1 contains no devices.
Circuit sky130_fd_pr__pfet_01v8 contains no devices.

Contents of circuit 1:  Circuit: 'sky130_fd_sc_hd__inv_1'
Circuit sky130_fd_sc_hd__inv_1 contains 2 device instances.
  Class: sky130_fd_pr__nfet_01v8 instances:   1
  Class: sky130_fd_pr__pfet_01v8_hvt instances:   1
Circuit contains 6 nets.
Contents of circuit 2:  Circuit: 'sky130_fd_sc_hd__inv_1'
Circuit sky130_fd_sc_hd__inv_1 contains 2 device instances.
  Class: sky130_fd_pr__nfet_01v8 instances:   1
  Class: sky130_fd_pr__pfet_01v8_hvt instances:   1
Circuit contains 6 nets.

Circuit 1 contains 2 devices, Circuit 2 contains 2 devices.
Circuit 1 contains 6 nets,    Circuit 2 contains 6 nets.


Contents of circuit 1:  Circuit: 'uwb_inductor'
Circuit uwb_inductor contains 2 device instances.
  Class: sky130_fd_pr__res_generic_m5 instances:   2
Circuit contains 3 nets, and 1 disconnected pin.
Contents of circuit 2:  Circuit: 'uwb_inductor'
Circuit uwb_inductor contains 2 device instances.
  Class: sky130_fd_pr__res_generic_m5 instances:   2
Circuit contains 3 nets.

Circuit 1 contains 2 devices, Circuit 2 contains 2 devices.
Circuit 1 contains 3 nets,    Circuit 2 contains 3 nets.

  Flattening non-matched subcircuits uwb_inductor uwb_inductor

Flattening instances of uwb_inductor in file /foss/designs/finallvs/sky130_adc_202311/mag/uwb_wrapper.ext.spc
Flattening instances of uwb_inductor in file /foss/designs/finallvs/sky130_adc_202311/mag/uwb_wrapper.sch.spc

Contents of circuit 1:  Circuit: 'sky130_fd_sc_hd__and2_1'
Circuit sky130_fd_sc_hd__and2_1 contains 6 device instances.
  Class: sky130_fd_pr__nfet_01v8 instances:   3
  Class: sky130_fd_pr__pfet_01v8_hvt instances:   3
Circuit contains 9 nets.
Contents of circuit 2:  Circuit: 'sky130_fd_sc_hd__and2_1'
Circuit sky130_fd_sc_hd__and2_1 contains 6 device instances.
  Class: sky130_fd_pr__nfet_01v8 instances:   3
  Class: sky130_fd_pr__pfet_01v8_hvt instances:   3
Circuit contains 9 nets.

Circuit 1 contains 6 devices, Circuit 2 contains 6 devices.
Circuit 1 contains 9 nets,    Circuit 2 contains 9 nets.


Contents of circuit 1:  Circuit: 'balun'
Circuit balun contains 4 device instances.
  Class: sky130_fd_pr__res_generic_m5 instances:   4
Circuit contains 6 nets, and 1 disconnected pin.
Contents of circuit 2:  Circuit: 'balun'
Circuit balun contains 4 device instances.
  Class: sky130_fd_pr__res_generic_m5 instances:   4
Circuit contains 6 nets.

Circuit was modified by parallel/series device merging.
New circuit summary:

Contents of circuit 1:  Circuit: 'balun'
Circuit balun contains 3 device instances.
  Class: sky130_fd_pr__res_generic_m5 instances:   3
Circuit contains 5 nets, and 1 disconnected pin.
Contents of circuit 2:  Circuit: 'balun'
Circuit balun contains 3 device instances.
  Class: sky130_fd_pr__res_generic_m5 instances:   3
Circuit contains 5 nets.

Circuit 1 contains 3 devices, Circuit 2 contains 3 devices.
Circuit 1 contains 5 nets,    Circuit 2 contains 5 nets.

  Flattening non-matched subcircuits balun balun

Flattening instances of balun in file /foss/designs/finallvs/sky130_adc_202311/mag/uwb_wrapper.ext.spc
Flattening instances of balun in file /foss/designs/finallvs/sky130_adc_202311/mag/uwb_wrapper.sch.spc

Contents of circuit 1:  Circuit: 'sky130_fd_sc_hd__mux4_1'
Circuit sky130_fd_sc_hd__mux4_1 contains 26 device instances.
  Class: sky130_fd_pr__nfet_01v8 instances:  13
  Class: sky130_fd_pr__pfet_01v8_hvt instances:  13
Circuit contains 24 nets.
Contents of circuit 2:  Circuit: 'sky130_fd_sc_hd__mux4_1'
Circuit sky130_fd_sc_hd__mux4_1 contains 26 device instances.
  Class: sky130_fd_pr__nfet_01v8 instances:  13
  Class: sky130_fd_pr__pfet_01v8_hvt instances:  13
Circuit contains 24 nets.

Circuit 1 contains 26 devices, Circuit 2 contains 26 devices.
Circuit 1 contains 24 nets,    Circuit 2 contains 24 nets.


Contents of circuit 1:  Circuit: 'sky130_fd_sc_hd__buf_1'
Circuit sky130_fd_sc_hd__buf_1 contains 4 device instances.
  Class: sky130_fd_pr__nfet_01v8 instances:   2
  Class: sky130_fd_pr__pfet_01v8_hvt instances:   2
Circuit contains 7 nets.
Contents of circuit 2:  Circuit: 'sky130_fd_sc_hd__buf_1'
Circuit sky130_fd_sc_hd__buf_1 contains 4 device instances.
  Class: sky130_fd_pr__nfet_01v8 instances:   2
  Class: sky130_fd_pr__pfet_01v8_hvt instances:   2
Circuit contains 7 nets.

Circuit 1 contains 4 devices, Circuit 2 contains 4 devices.
Circuit 1 contains 7 nets,    Circuit 2 contains 7 nets.


Contents of circuit 1:  Circuit: 'sky130_fd_sc_hd__nand2b_1'
Circuit sky130_fd_sc_hd__nand2b_1 contains 6 device instances.
  Class: sky130_fd_pr__nfet_01v8 instances:   3
  Class: sky130_fd_pr__pfet_01v8_hvt instances:   3
Circuit contains 9 nets.
Contents of circuit 2:  Circuit: 'sky130_fd_sc_hd__nand2b_1'
Circuit sky130_fd_sc_hd__nand2b_1 contains 6 device instances.
  Class: sky130_fd_pr__nfet_01v8 instances:   3
  Class: sky130_fd_pr__pfet_01v8_hvt instances:   3
Circuit contains 9 nets.

Circuit 1 contains 6 devices, Circuit 2 contains 6 devices.
Circuit 1 contains 9 nets,    Circuit 2 contains 9 nets.


Contents of circuit 1:  Circuit: 'cap_sw'
Circuit cap_sw contains 17 device instances.
  Class: sky130_fd_pr__nfet_01v8 instances:  17
Circuit contains 4 nets.
Contents of circuit 2:  Circuit: 'cap_sw'
Circuit cap_sw contains 4 device instances.
  Class: sky130_fd_pr__nfet_01v8 instances:   4
Circuit contains 4 nets.

Circuit was modified by parallel/series device merging.
New circuit summary:

Contents of circuit 1:  Circuit: 'cap_sw'
Circuit cap_sw contains 4 device instances.
  Class: sky130_fd_pr__nfet_01v8 instances:   4
Circuit contains 4 nets.
Contents of circuit 2:  Circuit: 'cap_sw'
Circuit cap_sw contains 4 device instances.
  Class: sky130_fd_pr__nfet_01v8 instances:   4
Circuit contains 4 nets.

Circuit 1 contains 4 devices, Circuit 2 contains 4 devices.
Circuit 1 contains 4 nets,    Circuit 2 contains 4 nets.


Contents of circuit 1:  Circuit: 'osc_total'
Circuit osc_total contains 366 device instances.
  Class: sky130_fd_pr__nfet_01v8 instances: 300
  Class: sky130_fd_pr__cap_mim_m3_1 instances:  64
  Class: sky130_fd_pr__res_generic_m5 instances:   2
Circuit contains 14 nets.
Contents of circuit 2:  Circuit: 'osc_total'
Circuit osc_total contains 16 device instances.
  Class: sky130_fd_pr__nfet_01v8 instances:  12
  Class: sky130_fd_pr__cap_mim_m3_1 instances:   2
  Class: sky130_fd_pr__res_generic_m5 instances:   2
Circuit contains 15 nets.

Circuit was modified by parallel/series device merging.
New circuit summary:

Contents of circuit 1:  Circuit: 'osc_total'
Circuit osc_total contains 16 device instances.
  Class: sky130_fd_pr__nfet_01v8 instances:  12
  Class: sky130_fd_pr__cap_mim_m3_1 instances:   2
  Class: sky130_fd_pr__res_generic_m5 instances:   2
Circuit contains 14 nets.
Contents of circuit 2:  Circuit: 'osc_total'
Circuit osc_total contains 16 device instances.
  Class: sky130_fd_pr__nfet_01v8 instances:  12
  Class: sky130_fd_pr__cap_mim_m3_1 instances:   2
  Class: sky130_fd_pr__res_generic_m5 instances:   2
Circuit contains 15 nets.

Circuit 1 contains 16 devices, Circuit 2 contains 16 devices.
Circuit 1 contains 14 nets,    Circuit 2 contains 14 nets.


Contents of circuit 1:  Circuit: 'mux21'
Circuit mux21 contains 25 device instances.
  Class: sky130_fd_pr__nfet_01v8 instances:   8
  Class: sky130_fd_sc_hd__inv_1 instances:   8
  Class: sky130_fd_pr__pfet_01v8 instances:   8
  Class: sky130_fd_sc_hd__and2_1 instances:   1
Circuit contains 12 nets.
Contents of circuit 2:  Circuit: 'mux21'
Circuit mux21 contains 19 device instances.
  Class: sky130_fd_pr__nfet_01v8 instances:   6
  Class: sky130_fd_sc_hd__inv_1 instances:   8
  Class: sky130_fd_pr__pfet_01v8 instances:   4
  Class: sky130_fd_sc_hd__and2_1 instances:   1
Circuit contains 12 nets.

Circuit was modified by parallel/series device merging.
New circuit summary:

Contents of circuit 1:  Circuit: 'mux21'
Circuit mux21 contains 19 device instances.
  Class: sky130_fd_pr__nfet_01v8 instances:   6
  Class: sky130_fd_sc_hd__inv_1 instances:   8
  Class: sky130_fd_pr__pfet_01v8 instances:   4
  Class: sky130_fd_sc_hd__and2_1 instances:   1
Circuit contains 12 nets.
Contents of circuit 2:  Circuit: 'mux21'
Circuit mux21 contains 19 device instances.
  Class: sky130_fd_pr__nfet_01v8 instances:   6
  Class: sky130_fd_sc_hd__inv_1 instances:   8
  Class: sky130_fd_pr__pfet_01v8 instances:   4
  Class: sky130_fd_sc_hd__and2_1 instances:   1
Circuit contains 12 nets.

Circuit 1 contains 19 devices, Circuit 2 contains 19 devices.
Circuit 1 contains 12 nets,    Circuit 2 contains 12 nets.


Contents of circuit 1:  Circuit: 'pa_total'
Circuit pa_total contains 331 device instances.
  Class: sky130_fd_pr__nfet_01v8 instances: 316
  Class: sky130_fd_pr__cap_mim_m3_1 instances:  12
  Class: sky130_fd_pr__res_generic_m5 instances:   3
Circuit contains 20 nets.
Contents of circuit 2:  Circuit: 'pa_total'
Circuit pa_total contains 28 device instances.
  Class: sky130_fd_pr__nfet_01v8 instances:  19
  Class: sky130_fd_pr__cap_mim_m3_1 instances:   6
  Class: sky130_fd_pr__res_generic_m5 instances:   3
Circuit contains 21 nets.

Circuit was modified by parallel/series device merging.
New circuit summary:

Contents of circuit 1:  Circuit: 'pa_total'
Circuit pa_total contains 28 device instances.
  Class: sky130_fd_pr__nfet_01v8 instances:  19
  Class: sky130_fd_pr__cap_mim_m3_1 instances:   6
  Class: sky130_fd_pr__res_generic_m5 instances:   3
Circuit contains 20 nets.
Contents of circuit 2:  Circuit: 'pa_total'
Circuit pa_total contains 28 device instances.
  Class: sky130_fd_pr__nfet_01v8 instances:  19
  Class: sky130_fd_pr__cap_mim_m3_1 instances:   6
  Class: sky130_fd_pr__res_generic_m5 instances:   3
Circuit contains 21 nets.

Circuit 1 contains 28 devices, Circuit 2 contains 28 devices.
Circuit 1 contains 20 nets,    Circuit 2 contains 20 nets.


Contents of circuit 1:  Circuit: 'startup'
Circuit startup contains 117 device instances.
  Class: sky130_fd_pr__nfet_01v8 instances:  36
  Class: sky130_fd_sc_hd__buf_1 instances:   2
  Class: sky130_fd_sc_hd__mux4_1 instances:   1
  Class: sky130_fd_pr__cap_mim_m3_1 instances:  48
  Class: sky130_fd_sc_hd__inv_1 instances:  20
  Class: sky130_fd_pr__pfet_01v8 instances:   9
  Class: sky130_fd_sc_hd__nand2b_1 instances:   1
Circuit contains 37 nets.
Contents of circuit 2:  Circuit: 'startup'
Circuit startup contains 73 device instances.
  Class: sky130_fd_pr__nfet_01v8 instances:  26
  Class: sky130_fd_sc_hd__buf_1 instances:   2
  Class: sky130_fd_sc_hd__mux4_1 instances:   1
  Class: sky130_fd_pr__cap_mim_m3_1 instances:  16
  Class: sky130_fd_sc_hd__inv_1 instances:  20
  Class: sky130_fd_pr__pfet_01v8 instances:   7
  Class: sky130_fd_sc_hd__nand2b_1 instances:   1
Circuit contains 37 nets.

Circuit was modified by parallel/series device merging.
New circuit summary:

Contents of circuit 1:  Circuit: 'startup'
Circuit startup contains 58 device instances.
  Class: sky130_fd_pr__nfet_01v8 instances:  18
  Class: sky130_fd_sc_hd__buf_1 instances:   2
  Class: sky130_fd_sc_hd__mux4_1 instances:   1
  Class: sky130_fd_pr__cap_mim_m3_1 instances:  10
  Class: sky130_fd_sc_hd__inv_1 instances:  20
  Class: sky130_fd_pr__pfet_01v8 instances:   6
  Class: sky130_fd_sc_hd__nand2b_1 instances:   1
Circuit contains 37 nets.
Contents of circuit 2:  Circuit: 'startup'
Circuit startup contains 58 device instances.
  Class: sky130_fd_pr__nfet_01v8 instances:  18
  Class: sky130_fd_sc_hd__buf_1 instances:   2
  Class: sky130_fd_sc_hd__mux4_1 instances:   1
  Class: sky130_fd_pr__cap_mim_m3_1 instances:  10
  Class: sky130_fd_sc_hd__inv_1 instances:  20
  Class: sky130_fd_pr__pfet_01v8 instances:   6
  Class: sky130_fd_sc_hd__nand2b_1 instances:   1
Circuit contains 37 nets.

Circuit 1 contains 58 devices, Circuit 2 contains 58 devices.
Circuit 1 contains 37 nets,    Circuit 2 contains 37 nets.

No more changes can be made to series/parallel networks.
No more changes can be made to series/parallel networks.

Contents of circuit 1:  Circuit: 'gc'
Circuit gc contains 6 device instances.
  Class: sky130_fd_sc_hd__and2_1 instances:   6
Circuit contains 11 nets.
Contents of circuit 2:  Circuit: 'gc'
Circuit gc contains 6 device instances.
  Class: sky130_fd_sc_hd__and2_1 instances:   6
Circuit contains 11 nets.

Circuit 1 contains 6 devices, Circuit 2 contains 6 devices.
Circuit 1 contains 11 nets,    Circuit 2 contains 11 nets.


Contents of circuit 1:  Circuit: 'capbank'
Circuit capbank contains 100 device instances.
  Class: sky130_fd_pr__cap_mim_m3_1 instances:  94
  Class: cap_sw                instances:   6
Circuit contains 21 nets.
Contents of circuit 2:  Circuit: 'capbank'
Circuit capbank contains 28 device instances.
  Class: sky130_fd_pr__cap_mim_m3_1 instances:  22
  Class: cap_sw                instances:   6
Circuit contains 21 nets.

Circuit was modified by parallel/series device merging.
New circuit summary:

Contents of circuit 1:  Circuit: 'capbank'
Circuit capbank contains 28 device instances.
  Class: sky130_fd_pr__cap_mim_m3_1 instances:  22
  Class: cap_sw                instances:   6
Circuit contains 21 nets.
Contents of circuit 2:  Circuit: 'capbank'
Circuit capbank contains 28 device instances.
  Class: sky130_fd_pr__cap_mim_m3_1 instances:  22
  Class: cap_sw                instances:   6
Circuit contains 21 nets.

Circuit 1 contains 28 devices, Circuit 2 contains 28 devices.
Circuit 1 contains 21 nets,    Circuit 2 contains 21 nets.


Contents of circuit 1:  Circuit: 'sky130_ef_sc_hd__decap_12'
Circuit sky130_ef_sc_hd__decap_12 contains 2 device instances.
  Class: sky130_fd_pr__nfet_01v8 instances:   1
  Class: sky130_fd_pr__pfet_01v8_hvt instances:   1
Circuit contains 4 nets.
Contents of circuit 2:  Circuit: 'sky130_ef_sc_hd__decap_12'
Circuit sky130_ef_sc_hd__decap_12 contains 0 device instances.
Circuit contains 0 nets, and 4 disconnected pins.

Circuit sky130_ef_sc_hd__decap_12 contains no devices.

Contents of circuit 1:  Circuit: 'sky130_fd_sc_hd__decap_6'
Circuit sky130_fd_sc_hd__decap_6 contains 2 device instances.
  Class: sky130_fd_pr__nfet_01v8 instances:   1
  Class: sky130_fd_pr__pfet_01v8_hvt instances:   1
Circuit contains 4 nets.
Contents of circuit 2:  Circuit: 'sky130_fd_sc_hd__decap_6'
Circuit sky130_fd_sc_hd__decap_6 contains 0 device instances.
Circuit contains 0 nets, and 4 disconnected pins.

Circuit sky130_fd_sc_hd__decap_6 contains no devices.

Contents of circuit 1:  Circuit: 'sky130_fd_sc_hd__decap_8'
Circuit sky130_fd_sc_hd__decap_8 contains 2 device instances.
  Class: sky130_fd_pr__nfet_01v8 instances:   1
  Class: sky130_fd_pr__pfet_01v8_hvt instances:   1
Circuit contains 4 nets.
Contents of circuit 2:  Circuit: 'sky130_fd_sc_hd__decap_8'
Circuit sky130_fd_sc_hd__decap_8 contains 0 device instances.
Circuit contains 0 nets, and 4 disconnected pins.

Circuit sky130_fd_sc_hd__decap_8 contains no devices.

Contents of circuit 1:  Circuit: 'sky130_fd_sc_hd__clkbuf_1'
Circuit sky130_fd_sc_hd__clkbuf_1 contains 4 device instances.
  Class: sky130_fd_pr__nfet_01v8 instances:   2
  Class: sky130_fd_pr__pfet_01v8_hvt instances:   2
Circuit contains 7 nets.
Contents of circuit 2:  Circuit: 'sky130_fd_sc_hd__clkbuf_1'
Circuit sky130_fd_sc_hd__clkbuf_1 contains 0 device instances.
Circuit contains 0 nets, and 6 disconnected pins.

Circuit sky130_fd_sc_hd__clkbuf_1 contains no devices.

Contents of circuit 1:  Circuit: 'sky130_fd_sc_hd__dfxtp_2'
Circuit sky130_fd_sc_hd__dfxtp_2 contains 26 device instances.
  Class: sky130_fd_pr__nfet_01v8 instances:  13
  Class: sky130_fd_pr__pfet_01v8_hvt instances:  13
Circuit contains 18 nets.
Contents of circuit 2:  Circuit: 'sky130_fd_sc_hd__dfxtp_2'
Circuit sky130_fd_sc_hd__dfxtp_2 contains 0 device instances.
Circuit contains 0 nets, and 7 disconnected pins.

Circuit sky130_fd_sc_hd__dfxtp_2 contains no devices.

Contents of circuit 1:  Circuit: 'sky130_fd_sc_hd__decap_4'
Circuit sky130_fd_sc_hd__decap_4 contains 2 device instances.
  Class: sky130_fd_pr__nfet_01v8 instances:   1
  Class: sky130_fd_pr__pfet_01v8_hvt instances:   1
Circuit contains 4 nets.
Contents of circuit 2:  Circuit: 'sky130_fd_sc_hd__decap_4'
Circuit sky130_fd_sc_hd__decap_4 contains 0 device instances.
Circuit contains 0 nets, and 4 disconnected pins.

Circuit sky130_fd_sc_hd__decap_4 contains no devices.

Contents of circuit 1:  Circuit: 'sky130_fd_sc_hd__dfxtp_1'
Circuit sky130_fd_sc_hd__dfxtp_1 contains 24 device instances.
  Class: sky130_fd_pr__nfet_01v8 instances:  12
  Class: sky130_fd_pr__pfet_01v8_hvt instances:  12
Circuit contains 18 nets.
Contents of circuit 2:  Circuit: 'sky130_fd_sc_hd__dfxtp_1'
Circuit sky130_fd_sc_hd__dfxtp_1 contains 0 device instances.
Circuit contains 0 nets, and 7 disconnected pins.

Circuit sky130_fd_sc_hd__dfxtp_1 contains no devices.

Contents of circuit 1:  Circuit: 'sky130_fd_sc_hd__buf_2'
Circuit sky130_fd_sc_hd__buf_2 contains 6 device instances.
  Class: sky130_fd_pr__nfet_01v8 instances:   3
  Class: sky130_fd_pr__pfet_01v8_hvt instances:   3
Circuit contains 7 nets.
Contents of circuit 2:  Circuit: 'sky130_fd_sc_hd__buf_2'
Circuit sky130_fd_sc_hd__buf_2 contains 0 device instances.
Circuit contains 0 nets, and 6 disconnected pins.

Circuit sky130_fd_sc_hd__buf_2 contains no devices.

Contents of circuit 1:  Circuit: 'sky130_fd_sc_hd__mux2_2'
Circuit sky130_fd_sc_hd__mux2_2 contains 14 device instances.
  Class: sky130_fd_pr__nfet_01v8 instances:   7
  Class: sky130_fd_pr__pfet_01v8_hvt instances:   7
Circuit contains 14 nets.
Contents of circuit 2:  Circuit: 'sky130_fd_sc_hd__mux2_2'
Circuit sky130_fd_sc_hd__mux2_2 contains 0 device instances.
Circuit contains 0 nets, and 8 disconnected pins.

Circuit sky130_fd_sc_hd__mux2_2 contains no devices.

Contents of circuit 1:  Circuit: 'sky130_fd_sc_hd__clkbuf_2'
Circuit sky130_fd_sc_hd__clkbuf_2 contains 6 device instances.
  Class: sky130_fd_pr__nfet_01v8 instances:   3
  Class: sky130_fd_pr__pfet_01v8_hvt instances:   3
Circuit contains 7 nets.
Contents of circuit 2:  Circuit: 'sky130_fd_sc_hd__clkbuf_2'
Circuit sky130_fd_sc_hd__clkbuf_2 contains 0 device instances.
Circuit contains 0 nets, and 6 disconnected pins.

Circuit sky130_fd_sc_hd__clkbuf_2 contains no devices.

Contents of circuit 1:  Circuit: 'sky130_fd_sc_hd__decap_3'
Circuit sky130_fd_sc_hd__decap_3 contains 2 device instances.
  Class: sky130_fd_pr__nfet_01v8 instances:   1
  Class: sky130_fd_pr__pfet_01v8_hvt instances:   1
Circuit contains 4 nets.
Contents of circuit 2:  Circuit: 'sky130_fd_sc_hd__decap_3'
Circuit sky130_fd_sc_hd__decap_3 contains 0 device instances.
Circuit contains 0 nets, and 4 disconnected pins.

Circuit sky130_fd_sc_hd__decap_3 contains no devices.

Contents of circuit 1:  Circuit: 'sky130_fd_sc_hd__diode_2'
Circuit sky130_fd_sc_hd__diode_2 contains 1 device instances.
  Class: sky130_fd_pr__diode_pw2nd_05v5 instances:   1
Circuit contains 2 nets, and 3 disconnected pins.
Contents of circuit 2:  Circuit: 'sky130_fd_sc_hd__diode_2'
Circuit sky130_fd_sc_hd__diode_2 contains 0 device instances.
Circuit contains 0 nets, and 5 disconnected pins.

Circuit sky130_fd_sc_hd__diode_2 contains no devices.

Contents of circuit 1:  Circuit: 'sky130_fd_sc_hd__mux2_1'
Circuit sky130_fd_sc_hd__mux2_1 contains 12 device instances.
  Class: sky130_fd_pr__nfet_01v8 instances:   6
  Class: sky130_fd_pr__pfet_01v8_hvt instances:   6
Circuit contains 14 nets.
Contents of circuit 2:  Circuit: 'sky130_fd_sc_hd__mux2_1'
Circuit sky130_fd_sc_hd__mux2_1 contains 0 device instances.
Circuit contains 0 nets, and 8 disconnected pins.

Circuit sky130_fd_sc_hd__mux2_1 contains no devices.

Contents of circuit 1:  Circuit: 'sky130_fd_sc_hd__mux2_4'
Circuit sky130_fd_sc_hd__mux2_4 contains 18 device instances.
  Class: sky130_fd_pr__nfet_01v8 instances:   9
  Class: sky130_fd_pr__pfet_01v8_hvt instances:   9
Circuit contains 14 nets.
Contents of circuit 2:  Circuit: 'sky130_fd_sc_hd__mux2_4'
Circuit sky130_fd_sc_hd__mux2_4 contains 0 device instances.
Circuit contains 0 nets, and 8 disconnected pins.

Circuit sky130_fd_sc_hd__mux2_4 contains no devices.

Contents of circuit 1:  Circuit: 'sky130_fd_sc_hd__dfxtp_4'
Circuit sky130_fd_sc_hd__dfxtp_4 contains 30 device instances.
  Class: sky130_fd_pr__nfet_01v8 instances:  15
  Class: sky130_fd_pr__pfet_01v8_hvt instances:  15
Circuit contains 18 nets.
Contents of circuit 2:  Circuit: 'sky130_fd_sc_hd__dfxtp_4'
Circuit sky130_fd_sc_hd__dfxtp_4 contains 0 device instances.
Circuit contains 0 nets, and 7 disconnected pins.

Circuit sky130_fd_sc_hd__dfxtp_4 contains no devices.

Contents of circuit 1:  Circuit: 'sky130_fd_sc_hd__buf_6'
Circuit sky130_fd_sc_hd__buf_6 contains 16 device instances.
  Class: sky130_fd_pr__nfet_01v8 instances:   8
  Class: sky130_fd_pr__pfet_01v8_hvt instances:   8
Circuit contains 7 nets.
Contents of circuit 2:  Circuit: 'sky130_fd_sc_hd__buf_6'
Circuit sky130_fd_sc_hd__buf_6 contains 0 device instances.
Circuit contains 0 nets, and 6 disconnected pins.

Circuit sky130_fd_sc_hd__buf_6 contains no devices.

Contents of circuit 1:  Circuit: 'sky130_fd_sc_hd__dlymetal6s2s_1'
Circuit sky130_fd_sc_hd__dlymetal6s2s_1 contains 12 device instances.
  Class: sky130_fd_pr__nfet_01v8 instances:   6
  Class: sky130_fd_pr__pfet_01v8_hvt instances:   6
Circuit contains 11 nets.
Contents of circuit 2:  Circuit: 'sky130_fd_sc_hd__dlymetal6s2s_1'
Circuit sky130_fd_sc_hd__dlymetal6s2s_1 contains 0 device instances.
Circuit contains 0 nets, and 6 disconnected pins.

Circuit sky130_fd_sc_hd__dlymetal6s2s_1 contains no devices.

Contents of circuit 1:  Circuit: 'sky130_fd_sc_hd__buf_4'
Circuit sky130_fd_sc_hd__buf_4 contains 10 device instances.
  Class: sky130_fd_pr__nfet_01v8 instances:   5
  Class: sky130_fd_pr__pfet_01v8_hvt instances:   5
Circuit contains 7 nets.
Contents of circuit 2:  Circuit: 'sky130_fd_sc_hd__buf_4'
Circuit sky130_fd_sc_hd__buf_4 contains 0 device instances.
Circuit contains 0 nets, and 6 disconnected pins.

Circuit sky130_fd_sc_hd__buf_4 contains no devices.

Contents of circuit 1:  Circuit: 'sky130_fd_sc_hd__clkbuf_4'
Circuit sky130_fd_sc_hd__clkbuf_4 contains 10 device instances.
  Class: sky130_fd_pr__nfet_01v8 instances:   5
  Class: sky130_fd_pr__pfet_01v8_hvt instances:   5
Circuit contains 7 nets.
Contents of circuit 2:  Circuit: 'sky130_fd_sc_hd__clkbuf_4'
Circuit sky130_fd_sc_hd__clkbuf_4 contains 0 device instances.
Circuit contains 0 nets, and 6 disconnected pins.

Circuit sky130_fd_sc_hd__clkbuf_4 contains no devices.

Contents of circuit 1:  Circuit: 'uwb_transmitter'
Circuit uwb_transmitter contains 412 device instances.
  Class: sky130_fd_pr__nfet_01v8 instances: 200
  Class: osc_total             instances:   1
  Class: startup               instances:   2
  Class: sky130_fd_pr__cap_mim_m3_1 instances: 200
  Class: mux21                 instances:   3
  Class: gc                    instances:   3
  Class: capbank               instances:   2
  Class: pa_total              instances:   1
Circuit contains 73 nets.
Contents of circuit 2:  Circuit: 'uwb_transmitter'
Circuit uwb_transmitter contains 412 device instances.
  Class: sky130_fd_pr__nfet_01v8 instances: 200
  Class: osc_total             instances:   1
  Class: startup               instances:   2
  Class: sky130_fd_pr__cap_mim_m3_1 instances: 200
  Class: mux21                 instances:   3
  Class: gc                    instances:   3
  Class: capbank               instances:   2
  Class: pa_total              instances:   1
Circuit contains 73 nets.

Flattened mismatched instances and attempting compare again.

Contents of circuit 1:  Circuit: 'uwb_transmitter'
Circuit uwb_transmitter contains 526 device instances.
  Class: sky130_fd_pr__nfet_01v8 instances: 236
  Class: osc_total             instances:   1
  Class: sky130_fd_sc_hd__buf_1 instances:   4
  Class: sky130_fd_sc_hd__mux4_1 instances:   2
  Class: sky130_fd_pr__cap_mim_m3_1 instances: 220
  Class: sky130_fd_sc_hd__inv_1 instances:  40
  Class: mux21                 instances:   3
  Class: sky130_fd_pr__pfet_01v8 instances:  12
  Class: gc                    instances:   3
  Class: capbank               instances:   2
  Class: pa_total              instances:   1
  Class: sky130_fd_sc_hd__nand2b_1 instances:   2
Circuit contains 121 nets.
Contents of circuit 2:  Circuit: 'uwb_transmitter'
Circuit uwb_transmitter contains 526 device instances.
  Class: sky130_fd_pr__nfet_01v8 instances: 236
  Class: osc_total             instances:   1
  Class: sky130_fd_sc_hd__buf_1 instances:   4
  Class: sky130_fd_sc_hd__mux4_1 instances:   2
  Class: sky130_fd_pr__cap_mim_m3_1 instances: 220
  Class: sky130_fd_sc_hd__inv_1 instances:  40
  Class: mux21                 instances:   3
  Class: sky130_fd_pr__pfet_01v8 instances:  12
  Class: gc                    instances:   3
  Class: capbank               instances:   2
  Class: pa_total              instances:   1
  Class: sky130_fd_sc_hd__nand2b_1 instances:   2
Circuit contains 121 nets.

Circuit was modified by parallel/series device merging.
New circuit summary:

Contents of circuit 1:  Circuit: 'uwb_transmitter'
Circuit uwb_transmitter contains 127 device instances.
  Class: sky130_fd_pr__nfet_01v8 instances:  36
  Class: osc_total             instances:   1
  Class: sky130_fd_sc_hd__buf_1 instances:   4
  Class: sky130_fd_sc_hd__mux4_1 instances:   2
  Class: sky130_fd_pr__cap_mim_m3_1 instances:  21
  Class: sky130_fd_sc_hd__inv_1 instances:  40
  Class: mux21                 instances:   3
  Class: sky130_fd_pr__pfet_01v8 instances:  12
  Class: gc                    instances:   3
  Class: capbank               instances:   2
  Class: pa_total              instances:   1
  Class: sky130_fd_sc_hd__nand2b_1 instances:   2
Circuit contains 121 nets.
Contents of circuit 2:  Circuit: 'uwb_transmitter'
Circuit uwb_transmitter contains 127 device instances.
  Class: sky130_fd_pr__nfet_01v8 instances:  36
  Class: osc_total             instances:   1
  Class: sky130_fd_sc_hd__buf_1 instances:   4
  Class: sky130_fd_sc_hd__mux4_1 instances:   2
  Class: sky130_fd_pr__cap_mim_m3_1 instances:  21
  Class: sky130_fd_sc_hd__inv_1 instances:  40
  Class: mux21                 instances:   3
  Class: sky130_fd_pr__pfet_01v8 instances:  12
  Class: gc                    instances:   3
  Class: capbank               instances:   2
  Class: pa_total              instances:   1
  Class: sky130_fd_sc_hd__nand2b_1 instances:   2
Circuit contains 121 nets.

Circuit 1 contains 127 devices, Circuit 2 contains 127 devices.
Circuit 1 contains 121 nets,    Circuit 2 contains 121 nets.

No more changes can be made to series/parallel networks.

Contents of circuit 1:  Circuit: 'shiftreg'
Circuit shiftreg contains 2831 device instances.
  Class: sky130_fd_sc_hd__dfxtp_1 instances:  33
  Class: sky130_fd_sc_hd__dfxtp_2 instances:  44
  Class: sky130_fd_sc_hd__dfxtp_4 instances:   3
  Class: sky130_fd_sc_hd__buf_2 instances:  51
  Class: sky130_fd_sc_hd__buf_4 instances:   1
  Class: sky130_fd_sc_hd__buf_6 instances:   8
  Class: sky130_ef_sc_hd__decap_12 instances: 1515
  Class: sky130_fd_sc_hd__clkbuf_1 instances:  35
  Class: sky130_fd_sc_hd__clkbuf_2 instances:  25
  Class: sky130_fd_sc_hd__clkbuf_4 instances:   1
  Class: sky130_fd_sc_hd__decap_3 instances: 372
  Class: sky130_fd_sc_hd__decap_4 instances: 122
  Class: sky130_fd_sc_hd__decap_6 instances: 226
  Class: sky130_fd_sc_hd__decap_8 instances: 150
  Class: sky130_fd_sc_hd__mux2_1 instances:  50
  Class: sky130_fd_sc_hd__mux2_2 instances:  25
  Class: sky130_fd_sc_hd__mux2_4 instances:   5
  Class: sky130_fd_sc_hd__diode_2 instances: 154
  Class: sky130_fd_sc_hd__dlymetal6s2s_1 instances:  11
Circuit contains 298 nets.
Contents of circuit 2:  Circuit: 'shiftreg'
Circuit shiftreg contains 2831 device instances.
  Class: sky130_fd_sc_hd__dfxtp_1 instances:  33
  Class: sky130_fd_sc_hd__dfxtp_2 instances:  44
  Class: sky130_fd_sc_hd__dfxtp_4 instances:   3
  Class: sky130_fd_sc_hd__buf_2 instances:  51
  Class: sky130_fd_sc_hd__buf_4 instances:   1
  Class: sky130_fd_sc_hd__buf_6 instances:   8
  Class: sky130_ef_sc_hd__decap_12 instances: 1515
  Class: sky130_fd_sc_hd__clkbuf_1 instances:  35
  Class: sky130_fd_sc_hd__clkbuf_2 instances:  25
  Class: sky130_fd_sc_hd__clkbuf_4 instances:   1
  Class: sky130_fd_sc_hd__decap_3 instances: 372
  Class: sky130_fd_sc_hd__decap_4 instances: 122
  Class: sky130_fd_sc_hd__decap_6 instances: 226
  Class: sky130_fd_sc_hd__decap_8 instances: 150
  Class: sky130_fd_sc_hd__mux2_1 instances:  50
  Class: sky130_fd_sc_hd__mux2_2 instances:  25
  Class: sky130_fd_sc_hd__mux2_4 instances:   5
  Class: sky130_fd_sc_hd__diode_2 instances: 154
  Class: sky130_fd_sc_hd__dlymetal6s2s_1 instances:  11
Circuit contains 298 nets.

Circuit was modified by parallel/series device merging.
New circuit summary:

Contents of circuit 1:  Circuit: 'shiftreg'
Circuit shiftreg contains 330 device instances.
  Class: sky130_fd_sc_hd__dfxtp_1 instances:  33
  Class: sky130_fd_sc_hd__dfxtp_2 instances:  44
  Class: sky130_fd_sc_hd__dfxtp_4 instances:   3
  Class: sky130_fd_sc_hd__buf_2 instances:  51
  Class: sky130_fd_sc_hd__buf_4 instances:   1
  Class: sky130_fd_sc_hd__buf_6 instances:   8
  Class: sky130_ef_sc_hd__decap_12 instances:   1
  Class: sky130_fd_sc_hd__clkbuf_1 instances:  35
  Class: sky130_fd_sc_hd__clkbuf_2 instances:  25
  Class: sky130_fd_sc_hd__clkbuf_4 instances:   1
  Class: sky130_fd_sc_hd__decap_3 instances:   1
  Class: sky130_fd_sc_hd__decap_4 instances:   1
  Class: sky130_fd_sc_hd__decap_6 instances:   1
  Class: sky130_fd_sc_hd__decap_8 instances:   1
  Class: sky130_fd_sc_hd__mux2_1 instances:  50
  Class: sky130_fd_sc_hd__mux2_2 instances:  25
  Class: sky130_fd_sc_hd__mux2_4 instances:   5
  Class: sky130_fd_sc_hd__diode_2 instances:  33
  Class: sky130_fd_sc_hd__dlymetal6s2s_1 instances:  11
Circuit contains 298 nets.
Contents of circuit 2:  Circuit: 'shiftreg'
Circuit shiftreg contains 330 device instances.
  Class: sky130_fd_sc_hd__dfxtp_1 instances:  33
  Class: sky130_fd_sc_hd__dfxtp_2 instances:  44
  Class: sky130_fd_sc_hd__dfxtp_4 instances:   3
  Class: sky130_fd_sc_hd__buf_2 instances:  51
  Class: sky130_fd_sc_hd__buf_4 instances:   1
  Class: sky130_fd_sc_hd__buf_6 instances:   8
  Class: sky130_ef_sc_hd__decap_12 instances:   1
  Class: sky130_fd_sc_hd__clkbuf_1 instances:  35
  Class: sky130_fd_sc_hd__clkbuf_2 instances:  25
  Class: sky130_fd_sc_hd__clkbuf_4 instances:   1
  Class: sky130_fd_sc_hd__decap_3 instances:   1
  Class: sky130_fd_sc_hd__decap_4 instances:   1
  Class: sky130_fd_sc_hd__decap_6 instances:   1
  Class: sky130_fd_sc_hd__decap_8 instances:   1
  Class: sky130_fd_sc_hd__mux2_1 instances:  50
  Class: sky130_fd_sc_hd__mux2_2 instances:  25
  Class: sky130_fd_sc_hd__mux2_4 instances:   5
  Class: sky130_fd_sc_hd__diode_2 instances:  33
  Class: sky130_fd_sc_hd__dlymetal6s2s_1 instances:  11
Circuit contains 298 nets.

Circuit 1 contains 330 devices, Circuit 2 contains 330 devices.
Circuit 1 contains 298 nets,    Circuit 2 contains 298 nets.


Contents of circuit 1:  Circuit: 'uwb_wrapper'
Circuit uwb_wrapper contains 2 device instances.
  Class: shiftreg              instances:   1
  Class: uwb_transmitter       instances:   1
Circuit contains 54 nets.
Contents of circuit 2:  Circuit: 'uwb_wrapper'
Circuit uwb_wrapper contains 2 device instances.
  Class: shiftreg              instances:   1
  Class: uwb_transmitter       instances:   1
Circuit contains 54 nets.

Circuit 1 contains 2 devices, Circuit 2 contains 2 devices.
Circuit 1 contains 54 nets,    Circuit 2 contains 54 nets.


Final result: 
Circuits match uniquely.
.
Logging to file "/foss/designs/finallvs/sky130_adc_202311/mag/uwb_wrapper.lvs.out" disabled
LVS Done.
