Flattening unmatched subcell uwb_transmitter in circuit uwb_wrapper (0)(1 instance)
Flattening unmatched subcell uwb_noise_decoup_cell1 in circuit uwb_wrapper (0)(200 instances)
Flattening unmatched subcell osc_total in circuit uwb_wrapper (0)(1 instance)
Flattening unmatched subcell sky130_fd_pr__cap_mim_m3_1_RX9LCP in circuit uwb_wrapper (0)(64 instances)
Flattening unmatched subcell osc_nfet_w120_nf4_cc in circuit uwb_wrapper (0)(1 instance)
Flattening unmatched subcell osc_nfet_w60_nf4_cc in circuit uwb_wrapper (0)(3 instances)
Flattening unmatched subcell osc_nfet_w30_nf4_cc in circuit uwb_wrapper (0)(7 instances)
Flattening unmatched subcell osc_nfet_w15_nf4_cc in circuit uwb_wrapper (0)(15 instances)
Flattening unmatched subcell osc_nfet_w15_nf4 in circuit uwb_wrapper (0)(30 instances)
Flattening unmatched subcell sky130_fd_pr__nfet_01v8_QMBXET in circuit uwb_wrapper (0)(30 instances)
Flattening unmatched subcell uwb_inductor in circuit uwb_wrapper (0)(1 instance)
Flattening unmatched subcell sky130_fd_pr__res_generic_m5_EGUVWD in circuit uwb_wrapper (0)(2 instances)
Flattening unmatched subcell mux21 in circuit uwb_wrapper (0)(3 instances)
Flattening unmatched subcell sky130_fd_sc_hd__inv_1 in circuit uwb_wrapper (0)(24 instances)
Flattening unmatched subcell sky130_fd_pr__nfet_01v8_ZRZL87 in circuit uwb_wrapper (0)(6 instances)
Flattening unmatched subcell sky130_fd_pr__pfet_01v8_3HMKL2 in circuit uwb_wrapper (0)(6 instances)
Flattening unmatched subcell sky130_fd_sc_hd__and2_1 in circuit uwb_wrapper (0)(3 instances)
Flattening unmatched subcell pa_total in circuit uwb_wrapper (0)(1 instance)
Flattening unmatched subcell sky130_fd_pr__cap_mim_m3_1_WE7GNF in circuit uwb_wrapper (0)(8 instances)
Flattening unmatched subcell balun in circuit uwb_wrapper (0)(1 instance)
Flattening unmatched subcell sky130_fd_pr__res_generic_m5_EGUVWD in circuit uwb_wrapper (0)(4 instances)
Flattening unmatched subcell pa_nfet_w15_nf4 in circuit uwb_wrapper (0)(2 instances)
Flattening unmatched subcell sky130_fd_pr__nfet_01v8_QMBXET in circuit uwb_wrapper (0)(2 instances)
Flattening unmatched subcell sky130_fd_pr__nfet_01v8_SGMZ76 in circuit uwb_wrapper (0)(4 instances)
Flattening unmatched subcell pa_nfet_w60_nf4 in circuit uwb_wrapper (0)(2 instances)
Flattening unmatched subcell pa_nfet_w30_nf4 in circuit uwb_wrapper (0)(6 instances)
Flattening unmatched subcell pa_nfet_w15_nf4 in circuit uwb_wrapper (0)(12 instances)
Flattening unmatched subcell sky130_fd_pr__nfet_01v8_QMBXET in circuit uwb_wrapper (0)(12 instances)
Flattening unmatched subcell sky130_fd_pr__cap_mim_m3_1_H9ZJA7 in circuit uwb_wrapper (0)(4 instances)
Flattening unmatched subcell pa_nfet_w120_nf4 in circuit uwb_wrapper (0)(2 instances)
Flattening unmatched subcell pa_nfet_w60_nf4 in circuit uwb_wrapper (0)(4 instances)
Flattening unmatched subcell pa_nfet_w30_nf4 in circuit uwb_wrapper (0)(8 instances)
Flattening unmatched subcell pa_nfet_w15_nf4 in circuit uwb_wrapper (0)(16 instances)
Flattening unmatched subcell sky130_fd_pr__nfet_01v8_QMBXET in circuit uwb_wrapper (0)(16 instances)
Flattening unmatched subcell startup in circuit uwb_wrapper (0)(2 instances)
Flattening unmatched subcell sky130_fd_sc_hd__inv_1 in circuit uwb_wrapper (0)(40 instances)
Flattening unmatched subcell sky130_fd_pr__nfet_01v8_722GYZ in circuit uwb_wrapper (0)(18 instances)
Flattening unmatched subcell sky130_fd_pr__nfet_01v8_DGP55P in circuit uwb_wrapper (0)(2 instances)
Flattening unmatched subcell sky130_fd_pr__cap_mim_m3_1_FJFAMD in circuit uwb_wrapper (0)(96 instances)
Flattening unmatched subcell sky130_fd_sc_hd__mux4_1 in circuit uwb_wrapper (0)(2 instances)
Flattening unmatched subcell sky130_fd_pr__pfet_01v8_ADYTEV in circuit uwb_wrapper (0)(2 instances)
Flattening unmatched subcell sky130_fd_pr__nfet_01v8_QWA63T in circuit uwb_wrapper (0)(2 instances)
Flattening unmatched subcell sky130_fd_pr__pfet_01v8_4N94TK in circuit uwb_wrapper (0)(4 instances)
Flattening unmatched subcell sky130_fd_pr__nfet_01v8_L9WNCD in circuit uwb_wrapper (0)(4 instances)
Flattening unmatched subcell sky130_fd_pr__pfet_01v8_UAU7GH in circuit uwb_wrapper (0)(2 instances)
Flattening unmatched subcell sky130_fd_sc_hd__buf_1 in circuit uwb_wrapper (0)(4 instances)
Flattening unmatched subcell sky130_fd_sc_hd__nand2b_1 in circuit uwb_wrapper (0)(2 instances)
Flattening unmatched subcell gc in circuit uwb_wrapper (0)(3 instances)
Flattening unmatched subcell sky130_fd_sc_hd__and2_1 in circuit uwb_wrapper (0)(18 instances)
Flattening unmatched subcell capbank in circuit uwb_wrapper (0)(2 instances)
Flattening unmatched subcell sky130_fd_pr__cap_mim_m3_1_H9ZJA7 in circuit uwb_wrapper (0)(188 instances)
Flattening unmatched subcell cap_sw in circuit uwb_wrapper (0)(12 instances)
Flattening unmatched subcell sky130_fd_pr__nfet_01v8_YN9FL4 in circuit uwb_wrapper (0)(12 instances)
Flattening unmatched subcell shiftreg in circuit uwb_wrapper (0)(1 instance)
Flattening unmatched subcell sky130_ef_sc_hd__decap_12 in circuit uwb_wrapper (0)(1515 instances)
Flattening unmatched subcell sky130_fd_sc_hd__decap_6 in circuit uwb_wrapper (0)(226 instances)
Flattening unmatched subcell sky130_fd_sc_hd__decap_8 in circuit uwb_wrapper (0)(150 instances)
Flattening unmatched subcell sky130_fd_sc_hd__clkbuf_1 in circuit uwb_wrapper (0)(35 instances)
Flattening unmatched subcell sky130_fd_sc_hd__dfxtp_2 in circuit uwb_wrapper (0)(44 instances)
Flattening unmatched subcell sky130_fd_sc_hd__decap_4 in circuit uwb_wrapper (0)(122 instances)
Flattening unmatched subcell sky130_fd_sc_hd__dfxtp_1 in circuit uwb_wrapper (0)(33 instances)
Flattening unmatched subcell sky130_fd_sc_hd__buf_2 in circuit uwb_wrapper (0)(51 instances)
Flattening unmatched subcell sky130_fd_sc_hd__mux2_2 in circuit uwb_wrapper (0)(25 instances)
Flattening unmatched subcell sky130_fd_sc_hd__clkbuf_2 in circuit uwb_wrapper (0)(25 instances)
Flattening unmatched subcell sky130_fd_sc_hd__decap_3 in circuit uwb_wrapper (0)(372 instances)
Flattening unmatched subcell sky130_fd_sc_hd__diode_2 in circuit uwb_wrapper (0)(154 instances)
Flattening unmatched subcell sky130_fd_sc_hd__mux2_1 in circuit uwb_wrapper (0)(50 instances)
Flattening unmatched subcell sky130_fd_sc_hd__mux2_4 in circuit uwb_wrapper (0)(5 instances)
Flattening unmatched subcell sky130_fd_sc_hd__dfxtp_4 in circuit uwb_wrapper (0)(3 instances)
Flattening unmatched subcell sky130_fd_sc_hd__buf_6 in circuit uwb_wrapper (0)(8 instances)
Flattening unmatched subcell sky130_fd_sc_hd__dlymetal6s2s_1 in circuit uwb_wrapper (0)(11 instances)
Flattening unmatched subcell sky130_fd_sc_hd__buf_4 in circuit uwb_wrapper (0)(1 instance)
Flattening unmatched subcell sky130_fd_sc_hd__clkbuf_4 in circuit uwb_wrapper (0)(1 instance)

Class uwb_wrapper (0):  Merged 6901 parallel devices.
Class uwb_wrapper (0):  Merged 1 series devices.

Subcircuit pins:
Circuit 1: uwb_wrapper                     |Circuit 2: uwb_wrapper                     
-------------------------------------------|-------------------------------------------
vss                                        |(no matching pin)                          
utrig                                      |(no matching pin)                          
avdd                                       |(no matching pin)                          
rfoutn                                     |(no matching pin)                          
rfoutp                                     |(no matching pin)                          
pat1ext                                    |(no matching pin)                          
sen                                        |(no matching pin)                          
sdo                                        |(no matching pin)                          
sdi                                        |(no matching pin)                          
sclk                                       |(no matching pin)                          
sload                                      |(no matching pin)                          
osct1ext                                   |(no matching pin)                          
osct2ext                                   |(no matching pin)                          
dvdd                                       |(no matching pin)                          
---------------------------------------------------------------------------------------
Cell pin lists are equivalent.
Device classes uwb_wrapper and uwb_wrapper are equivalent.

Final result: Verify:  cell /foss/designs/finallvs/sky130_adc_202311/xschem/uwb_wrapper.sch.spc has no elements and/or nodes.  Not checked.
